Arguments: 
  /usr/local/bin/node /usr/local/bin/yarn add shx

PATH: 
  /usr/local/bin:/usr/bin:/bin:/usr/sbin:/sbin:/usr/local/go/bin:/Users/rohmanhm/Library/Android/sdk/tools:/Users/rohmanhm/Library/Android/sdk/platform-tools

Yarn version: 
  0.23.4

Node version: 
  7.7.1

Platform: 
  darwin x64

npm manifest: 
  {
    "name": "open-dir",
    "version": "0.0.1",
    "main": "dist/index.js",
    "license": "MIT",
    "scripts": {
      "build": "tsc",
      "build:watch": "tsc -w"
    },
    "dependencies": {
      "commander": "^2.9.0"
    },
    "devDependencies": {
      "@types/commander": "^2.9.1"
    }
  }

yarn manifest: 
  No manifest

Lockfile: 
  # THIS IS AN AUTOGENERATED FILE. DO NOT EDIT THIS FILE DIRECTLY.
  # yarn lockfile v1
  
  
  "@types/commander@^2.9.1":
    version "2.9.1"
    resolved "https://registry.yarnpkg.com/@types/commander/-/commander-2.9.1.tgz#d4e464425baf4685bd49dd233be11de9c00c0784"
    dependencies:
      "@types/node" "*"
  
  "@types/node@*":
    version "7.0.27"
    resolved "https://registry.yarnpkg.com/@types/node/-/node-7.0.27.tgz#ba5e1a87aca2b4f5817289615ffe56472927687e"
  
  commander@^2.9.0:
    version "2.9.0"
    resolved "https://registry.yarnpkg.com/commander/-/commander-2.9.0.tgz#9c99094176e12240cb22d6c5146098400fe0f7d4"
    dependencies:
      graceful-readlink ">= 1.0.0"
  
  "graceful-readlink@>= 1.0.0":
    version "1.0.1"
    resolved "https://registry.yarnpkg.com/graceful-readlink/-/graceful-readlink-1.0.1.tgz#4cafad76bc62f02fa039b2f94e9a3dd3a391a725"

Trace: 
  Error: read ETIMEDOUT
      at exports._errnoException (util.js:1029:11)
      at TLSWrap.onread (net.js:575:26)
